<?xml version="1.0" encoding="UTF-8"?>
<!-- Generated by org.testng.reporters.JUnitXMLReporter -->
<testsuite hostname="SIDDU" ignored="0" name="Test" tests="6" failures="0" timestamp="11 May 2022 17:24:25 GMT" time="0.11" errors="0">
  <testcase name="tank" time="0.022" classname="com.testNG.PriorityExample"/>
  <testcase name="front" time="0.004" classname="com.testNG.PriorityExample"/>
  <testcase name="interior" time="0.003" classname="com.testNG.PriorityExample"/>
  <testcase name="rear" time="0.002" classname="com.testNG.PriorityExample"/>
  <testcase name="seat" time="0.003" classname="com.testNG.PriorityExample"/>
  <testcase name="safety" time="0.002" classname="com.testNG.PriorityExample"/>
</testsuite> <!-- Test -->
